<?xml version="1.0" encoding="UTF-8"?>
<!-- Generated by org.testng.reporters.JUnitReportReporter -->
<testsuite hostname="i-PC" name="com.SL8Z.testcases.Create_New_Search" tests="1" failures="1" timestamp="18 Feb 2014 10:00:50 GMT" time="0.000" errors="0">
  <testcase name="CreateNewSearch" time="0.000" classname="com.SL8Z.testcases.Create_New_Search"/>
</testsuite> <!-- com.SL8Z.testcases.Create_New_Search -->
