<?xml version="1.0" encoding="UTF-8"?>
<!-- Generated by org.testng.reporters.JUnitReportReporter -->
<testsuite hostname="i-PC" name="com.SL8Z.testcases.Verify_Engagement_Dashboard_Page_Links" tests="1" failures="1" timestamp="17 Feb 2014 12:52:21 GMT" time="0.001" errors="0">
  <testcase name="VerifyEngagementDashboardPageLinks" time="0.001" classname="com.SL8Z.testcases.Verify_Engagement_Dashboard_Page_Links"/>
</testsuite> <!-- com.SL8Z.testcases.Verify_Engagement_Dashboard_Page_Links -->
