<?xml version="1.0" encoding="UTF-8"?>
<!-- Generated by org.testng.reporters.JUnitReportReporter -->
<testsuite hostname="i-PC" name="com.SL8Z.testcases.Verify_Placement_Fee" tests="1" failures="1" timestamp="17 Feb 2014 12:52:21 GMT" time="0.000" errors="0">
  <testcase name="VerifyPlacementFee" time="0.000" classname="com.SL8Z.testcases.Verify_Placement_Fee"/>
</testsuite> <!-- com.SL8Z.testcases.Verify_Placement_Fee -->
