<?xml version="1.0" encoding="UTF-8"?>
<!-- Generated by org.testng.reporters.JUnitReportReporter -->
<testsuite hostname="i-PC" name="com.SL8Z.testcases.Verify_Corresponding_Number_Single_Job_Dashboard$Verify_Corresponding_Numbers" tests="1" failures="1" timestamp="18 Feb 2014 10:00:50 GMT" time="0.001" errors="0">
  <testcase name="VerifyCorrespondingNumberSingleJobDashboard" time="0.001" classname="com.SL8Z.testcases.Verify_Corresponding_Number_Single_Job_Dashboard$Verify_Corresponding_Numbers"/>
</testsuite> <!-- com.SL8Z.testcases.Verify_Corresponding_Number_Single_Job_Dashboard$Verify_Corresponding_Numbers -->
