<?xml version="1.0" encoding="UTF-8"?>
<!-- Generated by org.testng.reporters.JUnitReportReporter -->
<testsuite hostname="i-PC" name="com.SL8Z.testcases.Verify_Action_Buttons_Single_Job_Dashboard" tests="1" failures="0" timestamp="17 Feb 2014 12:52:21 GMT" time="74.714" errors="0">
  <testcase name="VerifyActionButtonsSingleJobDashboard" time="74.714" classname="com.SL8Z.testcases.Verify_Action_Buttons_Single_Job_Dashboard"/>
</testsuite> <!-- com.SL8Z.testcases.Verify_Action_Buttons_Single_Job_Dashboard -->
