<?xml version="1.0" encoding="UTF-8"?>
<!-- Generated by org.testng.reporters.JUnitReportReporter -->
<testsuite hostname="i-PC" name="SL8Z.SL8Z_Project_Testng.Create_New_Search" tests="1" failures="0" timestamp="23 Jan 2014 13:07:51 GMT" time="39.049" errors="0">
  <testcase name="Login" time="39.049" classname="SL8Z.SL8Z_Project_Testng.Create_New_Search"/>
</testsuite> <!-- SL8Z.SL8Z_Project_Testng.Create_New_Search -->
