<?xml version="1.0" encoding="UTF-8"?>
<!-- Generated by org.testng.reporters.JUnitReportReporter -->
<testsuite hostname="i-PC" name="com.SL8Z.testcases.Verify_Server_Side_Validation" tests="1" failures="1" timestamp="18 Feb 2014 10:00:50 GMT" time="0.001" errors="0">
  <testcase name="VerifyServerSideValidation" time="0.001" classname="com.SL8Z.testcases.Verify_Server_Side_Validation"/>
</testsuite> <!-- com.SL8Z.testcases.Verify_Server_Side_Validation -->
