<?xml version="1.0" encoding="UTF-8"?>
<!-- Generated by org.testng.reporters.JUnitReportReporter -->
<testsuite hostname="i-PC" name="com.SL8Z.testcases.Verify_Client_Side_Validation" tests="1" failures="1" timestamp="17 Feb 2014 12:52:21 GMT" time="0.002" errors="0">
  <testcase name="VerifyClientSideValidation" time="0.002" classname="com.SL8Z.testcases.Verify_Client_Side_Validation"/>
</testsuite> <!-- com.SL8Z.testcases.Verify_Client_Side_Validation -->
