<?xml version="1.0" encoding="UTF-8"?>
<!-- Generated by org.testng.reporters.JUnitReportReporter -->
<testsuite hostname="i-PC" name="SL8Z.SL8Z_Project_Testng.Create_New_Search" tests="1" failures="0" timestamp="22 Jan 2014 11:11:12 GMT" time="0.028" errors="0">
  <testcase name="Login" time="0.028" classname="SL8Z.SL8Z_Project_Testng.Create_New_Search"/>
</testsuite> <!-- SL8Z.SL8Z_Project_Testng.Create_New_Search -->
